time="2024-07-09T12:02:27+03:00" level=info msg="Создание роутера" func="main.main()" file="main.go:19"
time="2024-07-09T12:49:08+03:00" level=info msg="Создание роутера" func="main.main()" file="main.go:19"
time="2024-07-09T12:51:20+03:00" level=info msg="Создание роутера" func="main.main()" file="main.go:19"
time="2024-07-09T12:51:20+03:00" level=info msg="запуск сервера" func="main.start()" file="main.go:55"
time="2024-07-09T17:42:29+03:00" level=info msg="чтение конфига" func="rest-api-server/internal/config.GetConfig.func1()" file="config.go:25"
time="2024-07-09T17:42:29+03:00" level=info msg="Создание роутера" func="main.main()" file="main.go:27"
time="2024-07-09T17:42:29+03:00" level=info msg="создание листинга tcp" func="main.start()" file="main.go:68"
time="2024-07-09T17:42:29+03:00" level=info msg="сервер запущен" func="main.start()" file="main.go:84"
time="2024-07-09T17:56:17+03:00" level=info msg="чтение конфига" func="rest-api-server/internal/config.GetConfig.func1()" file="config.go:25"
time="2024-07-09T17:56:17+03:00" level=info msg="Создание роутера" func="main.main()" file="main.go:27"
time="2024-07-09T17:56:17+03:00" level=info msg="создание листинга tcp" func="main.start()" file="main.go:68"
time="2024-07-09T17:56:17+03:00" level=info msg="сервер запущен на 0.0.0.0:8080" func="main.start()" file="main.go:70"
time="2024-07-09T17:56:17+03:00" level=info msg="сервер запущен" func="main.start()" file="main.go:84"
time="2024-07-09T17:57:09+03:00" level=info msg="чтение конфига" func="rest-api-server/internal/config.GetConfig.func1()" file="config.go:25"
time="2024-07-09T17:57:09+03:00" level=info msg="Создание роутера" func="main.main()" file="main.go:26"
time="2024-07-09T17:57:09+03:00" level=info msg="создание листинга tcp" func="main.start()" file="main.go:67"
time="2024-07-09T17:57:09+03:00" level=info msg="сервер запущен на 0.0.0.0:8080" func="main.start()" file="main.go:69"
time="2024-07-09T17:57:29+03:00" level=info msg="чтение конфига" func="rest-api-server/internal/config.GetConfig.func1()" file="config.go:25"
time="2024-07-09T17:57:29+03:00" level=info msg="Создание роутера" func="main.main()" file="main.go:26"
time="2024-07-09T17:57:29+03:00" level=info msg="создание листинга сокета" func="main.start()" file="main.go:59"
time="2024-07-09T17:57:29+03:00" level=info msg="создание юниксов" func="main.start()" file="main.go:62"
time="2024-07-09T17:57:29+03:00" level=info msg="сервер запущен на сокете C:\\Users\\123\\AppData\\Local\\Temp\\go-build2843805267\\b001\\exe/app.sock" func="main.start()" file="main.go:64"
time="2024-07-09T18:08:11+03:00" level=info msg="чтение конфига" func="rest-api-server/internal/config.GetConfig.func1()" file="config.go:25"
time="2024-07-09T18:08:11+03:00" level=info msg="Создание роутера" func="main.main()" file="main.go:26"
time="2024-07-09T18:08:11+03:00" level=info msg="создание листинга сокета" func="main.start()" file="main.go:59"
time="2024-07-09T18:08:11+03:00" level=info msg="создание юниксов" func="main.start()" file="main.go:62"
time="2024-07-09T18:08:11+03:00" level=info msg="сервер запущен на сокете C:\\Users\\123\\AppData\\Local\\Temp\\go-build29560011\\b001\\exe\\app.sock" func="main.start()" file="main.go:64"
time="2024-07-09T18:08:47+03:00" level=info msg="чтение конфига" func="rest-api-server/internal/config.GetConfig.func1()" file="config.go:25"
time="2024-07-09T18:08:47+03:00" level=info msg="Создание роутера" func="main.main()" file="main.go:26"
time="2024-07-09T18:08:47+03:00" level=info msg="создание листинга сокета" func="main.start()" file="main.go:59"
time="2024-07-09T18:08:47+03:00" level=info msg="создание юниксов" func="main.start()" file="main.go:63"
time="2024-07-09T18:08:47+03:00" level=info msg="сервер запущен на сокете C:\\Users\\123\\AppData\\Local\\Temp\\go-build1753451774\\b001\\exe\\app.sock" func="main.start()" file="main.go:65"
time="2024-07-09T18:11:28+03:00" level=info msg="чтение конфига" func="rest-api-server/internal/config.GetConfig.func1()" file="config.go:25"
time="2024-07-09T18:11:28+03:00" level=info msg="Создание роутера" func="main.main()" file="main.go:27"
time="2024-07-09T18:11:28+03:00" level=info msg="создание листинга сокета" func="main.start()" file="main.go:60"
time="2024-07-09T18:11:28+03:00" level=info msg="создание юниксов" func="main.start()" file="main.go:65"
time="2024-07-09T18:11:28+03:00" level=info msg="сервер запущен на сокете C:\\Users\\123\\AppData\\Local\\Temp\\go-build3918689489\\b001\\exe\\app.sock" func="main.start()" file="main.go:67"
time="2024-07-09T18:11:44+03:00" level=info msg="чтение конфига" func="rest-api-server/internal/config.GetConfig.func1()" file="config.go:25"
time="2024-07-09T18:11:44+03:00" level=info msg="Создание роутера" func="main.main()" file="main.go:27"
time="2024-07-09T18:11:44+03:00" level=info msg="создание листинга сокета" func="main.start()" file="main.go:60"
time="2024-07-09T18:11:44+03:00" level=info msg="создание юниксов" func="main.start()" file="main.go:65"
time="2024-07-09T18:11:44+03:00" level=info msg="сервер запущен на сокете C:\\Users\\123\\AppData\\Local\\Temp\\go-build3571768012\\b001\\exe\\app.sock" func="main.start()" file="main.go:67"
time="2024-07-09T18:13:22+03:00" level=info msg="чтение конфига" func="rest-api-server/internal/config.GetConfig.func1()" file="config.go:25"
time="2024-07-09T18:13:22+03:00" level=info msg="Создание роутера" func="main.main()" file="main.go:25"
time="2024-07-09T18:13:22+03:00" level=info msg="создание листинга сокета" func="main.start()" file="main.go:58"
time="2024-07-09T18:13:22+03:00" level=info msg="создание юниксов" func="main.start()" file="main.go:60"
time="2024-07-09T18:13:22+03:00" level=info msg="сервер запущен на сокете C:\\Users\\123\\AppData\\Local\\Temp\\go-build3594745882\\b001\\exe\\app.sock" func="main.start()" file="main.go:62"
time="2024-07-09T18:14:06+03:00" level=info msg="чтение конфига" func="rest-api-server/internal/config.GetConfig.func1()" file="config.go:25"
time="2024-07-09T18:14:06+03:00" level=info msg="Создание роутера" func="main.main()" file="main.go:26"
time="2024-07-09T18:14:06+03:00" level=info msg="создание листинга сокета" func="main.start()" file="main.go:59"
time="2024-07-09T18:14:06+03:00" level=info msg="создание юниксов" func="main.start()" file="main.go:64"
time="2024-07-09T18:14:06+03:00" level=info msg="сервер запущен на сокете C:\\Users\\123\\AppData\\Local\\Temp\\go-build1314833485\\b001\\exe\\app.sock" func="main.start()" file="main.go:66"
time="2024-07-09T18:18:56+03:00" level=info msg="чтение конфига" func="rest-api-server/internal/config.GetConfig.func1()" file="config.go:25"
time="2024-07-09T18:18:56+03:00" level=info msg="Создание роутера" func="main.main()" file="main.go:25"
time="2024-07-09T18:18:56+03:00" level=info msg="создание листинга сокета" func="main.start()" file="main.go:58"
time="2024-07-09T18:18:56+03:00" level=info msg="создание юниксов" func="main.start()" file="main.go:61"
time="2024-07-09T18:18:56+03:00" level=info msg="сервер запущен на сокете C:\\Users\\123\\AppData\\Local\\Temp\\go-build292803122\\b001\\exe\\app.sock" func="main.start()" file="main.go:63"
time="2024-07-09T18:19:15+03:00" level=info msg="чтение конфига" func="rest-api-server/internal/config.GetConfig.func1()" file="config.go:25"
time="2024-07-09T18:19:15+03:00" level=info msg="Создание роутера" func="main.main()" file="main.go:26"
time="2024-07-09T18:19:15+03:00" level=info msg="создание листинга сокета" func="main.start()" file="main.go:59"
time="2024-07-09T18:19:15+03:00" level=info msg="создание юниксов" func="main.start()" file="main.go:62"
time="2024-07-09T18:19:15+03:00" level=info msg="сервер запущен на сокете C:\\Users\\123\\AppData\\Local\\Temp\\go-build2915551478\\b001\\exe/app.sock" func="main.start()" file="main.go:64"
time="2024-07-11T17:18:04+03:00" level=info msg="чтение конфига" func="rest-api-server/internal/config.GetConfig.func1()" file="config.go:31"
time="2024-07-11T17:18:04+03:00" level=info msg="Создание роутера" func="main.main()" file="main.go:25"
time="2024-07-11T17:18:04+03:00" level=info msg="создание листинга tcp" func="main.start()" file="main.go:82"
time="2024-07-11T17:18:04+03:00" level=info msg="сервер запущен на 0.0.0.0:8080" func="main.start()" file="main.go:84"
time="2024-07-20T20:27:55+03:00" level=info msg="чтение конфига" func="rest-api-server/internal/config.GetConfig.func1()" file="config.go:31"
time="2024-07-20T20:27:55+03:00" level=info msg="Создание роутера" func="main.main()" file="main.go:25"
time="2024-07-20T20:27:55+03:00" level=info msg="возвращение структуры обработчика" func="rest-api-server/internal/user.NewHandler()" file="handler.go:26"
time="2024-07-20T20:28:22+03:00" level=info msg="чтение конфига" func="rest-api-server/internal/config.GetConfig.func1()" file="config.go:31"
time="2024-07-20T20:28:22+03:00" level=info msg="Создание роутера" func="main.main()" file="main.go:25"
time="2024-07-20T20:28:22+03:00" level=info msg="возвращение структуры обработчика" func="rest-api-server/internal/user.NewHandler()" file="handler.go:26"
time="2024-07-24T03:06:03+03:00" level=info msg="чтение конфига" func="testingwork-kafka/internal/config.GetConfig.func1()" file="config.go:40"
time="2024-07-24T03:06:03+03:00" level=info msg="Создание роутера" func="main.main()" file="main.go:25"
time="2024-07-24T03:06:03+03:00" level=info msg="возвращение структуры обработчика" func="testingwork-kafka/internal/user.NewHandler()" file="handler.go:27"
time="2024-07-24T03:06:38+03:00" level=info msg="чтение конфига" func="testingwork-kafka/internal/config.GetConfig.func1()" file="config.go:40"
time="2024-07-24T03:06:38+03:00" level=info msg="Создание роутера" func="main.main()" file="main.go:25"
time="2024-07-24T03:06:38+03:00" level=info msg="возвращение структуры обработчика" func="testingwork-kafka/internal/user.NewHandler()" file="handler.go:27"
time="2024-07-24T03:09:46+03:00" level=info msg="чтение конфига" func="testingwork-kafka/internal/config.GetConfig.func1()" file="config.go:40"
time="2024-07-24T03:09:46+03:00" level=info msg="Создание роутера" func="main.main()" file="main.go:25"
time="2024-07-24T03:09:46+03:00" level=info msg="возвращение структуры обработчика" func="testingwork-kafka/internal/user.NewHandler()" file="handler.go:27"
time="2024-07-24T03:10:45+03:00" level=info msg="чтение конфига" func="testingwork-kafka/internal/config.GetConfig.func1()" file="config.go:40"
time="2024-07-24T03:10:45+03:00" level=info msg="Создание роутера" func="main.main()" file="main.go:25"
time="2024-07-24T03:10:45+03:00" level=info msg="возвращение структуры обработчика" func="testingwork-kafka/internal/user.NewHandler()" file="handler.go:27"
time="2024-07-24T03:10:45+03:00" level=info msg="создание листинга tcp" func="main.start()" file="main.go:82"
time="2024-07-24T03:10:45+03:00" level=info msg="сервер запущен на 127.0.0.1:8000" func="main.start()" file="main.go:84"
time="2024-07-24T03:14:21+03:00" level=info msg="чтение конфига" func="testingwork-kafka/internal/config.GetConfig.func1()" file="config.go:40"
time="2024-07-24T03:14:21+03:00" level=info msg="Создание роутера" func="main.main()" file="main.go:25"
time="2024-07-24T03:14:21+03:00" level=info msg="возвращение структуры обработчика" func="testingwork-kafka/internal/user.NewHandler()" file="handler.go:27"
time="2024-07-24T03:14:21+03:00" level=info msg="создание листинга tcp" func="main.start()" file="main.go:82"
time="2024-07-24T03:14:21+03:00" level=info msg="сервер запущен на 127.0.0.1:8000" func="main.start()" file="main.go:84"
time="2024-07-24T14:27:59+03:00" level=info msg="чтение конфига" func="testingwork-kafka/internal/config.GetConfig.func1()" file="config.go:40"
time="2024-07-24T14:27:59+03:00" level=info msg="Создание роутера" func="main.main()" file="main.go:23"
time="2024-07-24T14:27:59+03:00" level=info msg="возвращение структуры обработчика" func="testingwork-kafka/internal/user.NewHandler()" file="handler.go:27"
time="2024-07-24T14:27:59+03:00" level=info msg="создание листинга tcp" func="main.start()" file="main.go:44"
time="2024-07-24T14:27:59+03:00" level=info msg="сервер запущен на 0.0.0.0:8080" func="main.start()" file="main.go:46"
time="2024-07-24T15:01:29+03:00" level=info msg="чтение конфига" func="testingwork-kafka/internal/config.GetConfig.func1()" file="config.go:39"
time="2024-07-24T15:01:29+03:00" level=info msg="Создание роутера" func="main.main()" file="main.go:23"
time="2024-07-24T15:01:29+03:00" level=info msg="возвращение структуры обработчика" func="testingwork-kafka/internal/user.NewHandler()" file="handler.go:17"
time="2024-07-24T15:05:42+03:00" level=info msg="чтение конфига" func="testingwork-kafka/internal/config.GetConfig.func1()" file="config.go:39"
time="2024-07-24T15:05:42+03:00" level=info msg="Создание роутера" func="main.main()" file="main.go:23"
time="2024-07-24T15:05:42+03:00" level=info msg="возвращение структуры обработчика" func="testingwork-kafka/internal/user.NewHandler()" file="handler.go:16"
time="2024-07-24T15:05:42+03:00" level=info msg="Запуск обработчика" func="testingwork-kafka/internal/user.(*handler).Register()" file="handler.go:21"
time="2024-07-24T15:05:42+03:00" level=info msg="создание листинга tcp" func="main.start()" file="main.go:44"
time="2024-07-24T15:05:42+03:00" level=info msg="сервер запущен на 0.0.0.0:8080" func="main.start()" file="main.go:46"
time="2024-07-24T16:39:25+03:00" level=info msg="чтение конфига" func="testingwork-kafka/internal/config.GetConfig.func1()" file="config.go:39"
time="2024-07-24T16:39:25+03:00" level=info msg="Создание роутера" func="main.main()" file="main.go:23"
time="2024-07-24T16:39:25+03:00" level=info msg="возвращение структуры обработчика" func="testingwork-kafka/internal/user.NewHandler()" file="handler.go:19"
time="2024-07-24T16:39:25+03:00" level=info msg="Запуск обработчика" func="testingwork-kafka/internal/user.(*handler).Register()" file="handler.go:24"
time="2024-07-24T16:39:25+03:00" level=info msg="создание листинга tcp" func="main.start()" file="main.go:44"
time="2024-07-24T16:39:25+03:00" level=info msg="сервер запущен на 0.0.0.0:8080" func="main.start()" file="main.go:46"
time="2024-07-24T16:46:28+03:00" level=info msg="чтение конфига" func="testingwork-kafka/internal/config.GetConfig.func1()" file="config.go:39"
time="2024-07-24T16:46:28+03:00" level=info msg="Создание роутера" func="main.main()" file="main.go:23"
time="2024-07-24T16:46:28+03:00" level=info msg="возвращение структуры обработчика" func="testingwork-kafka/internal/user.NewHandler()" file="handler.go:20"
time="2024-07-24T16:46:28+03:00" level=info msg="Запуск обработчика" func="testingwork-kafka/internal/user.(*handler).Register()" file="handler.go:25"
time="2024-07-24T16:46:28+03:00" level=info msg="создание листинга tcp" func="main.start()" file="main.go:44"
time="2024-07-24T16:46:28+03:00" level=info msg="сервер запущен на 0.0.0.0:8080" func="main.start()" file="main.go:46"
time="2024-07-24T17:16:38+03:00" level=info msg="чтение конфига" func="testingwork-kafka/internal/config.GetConfig.func1()" file="config.go:39"
time="2024-07-24T17:16:38+03:00" level=info msg="Создание роутера" func="main.main()" file="main.go:23"
time="2024-07-24T17:16:38+03:00" level=info msg="возвращение структуры обработчика" func="testingwork-kafka/internal/user.NewHandler()" file="handler.go:18"
time="2024-07-24T17:16:38+03:00" level=info msg="Запуск обработчика" func="testingwork-kafka/internal/user.(*handler).Register()" file="handler.go:23"
time="2024-07-24T17:16:38+03:00" level=info msg="создание листинга tcp" func="main.start()" file="main.go:44"
time="2024-07-24T17:16:38+03:00" level=info msg="сервер запущен на 0.0.0.0:8080" func="main.start()" file="main.go:46"
time="2024-07-24T17:17:05+03:00" level=info msg="получен контент: hello " func="testingwork-kafka/internal/user.(*handler).Postmessage()" file="handler.go:48"
time="2024-07-24T17:17:05+03:00" level=info msg="получен контент: world" func="testingwork-kafka/internal/user.(*handler).Postmessage()" file="handler.go:48"
time="2024-07-24T17:17:05+03:00" level=info msg="получен контент: pisa" func="testingwork-kafka/internal/user.(*handler).Postmessage()" file="handler.go:48"
time="2024-07-24T17:17:05+03:00" level=info msg="получен контент: xui" func="testingwork-kafka/internal/user.(*handler).Postmessage()" file="handler.go:48"
time="2024-07-24T17:29:22+03:00" level=info msg="чтение конфига" func="testingwork-kafka/internal/config.GetConfig.func1()" file="config.go:39"
time="2024-07-24T17:29:22+03:00" level=info msg="Создание роутера" func="main.main()" file="main.go:23"
time="2024-07-24T17:29:22+03:00" level=info msg="возвращение структуры обработчика" func="testingwork-kafka/internal/user.NewHandler()" file="handler.go:18"
time="2024-07-24T17:29:22+03:00" level=info msg="Запуск обработчика" func="testingwork-kafka/internal/user.(*handler).Register()" file="handler.go:24"
time="2024-07-24T17:29:22+03:00" level=info msg="создание листинга tcp" func="main.start()" file="main.go:44"
time="2024-07-24T17:29:22+03:00" level=info msg="сервер запущен на 0.0.0.0:8080" func="main.start()" file="main.go:46"
time="2024-07-24T17:31:10+03:00" level=info msg="чтение конфига" func="testingwork-kafka/internal/config.GetConfig.func1()" file="config.go:39"
time="2024-07-24T17:31:10+03:00" level=info msg="Создание роутера" func="main.main()" file="main.go:23"
time="2024-07-24T17:31:10+03:00" level=info msg="возвращение структуры обработчика" func="testingwork-kafka/internal/user.NewHandler()" file="handler.go:18"
time="2024-07-24T17:31:10+03:00" level=info msg="Запуск обработчика" func="testingwork-kafka/internal/user.(*handler).Register()" file="handler.go:24"
time="2024-07-24T17:31:10+03:00" level=info msg="создание листинга tcp" func="main.start()" file="main.go:44"
time="2024-07-24T17:31:10+03:00" level=info msg="сервер запущен на 0.0.0.0:8080" func="main.start()" file="main.go:46"
time="2024-07-24T17:32:30+03:00" level=info msg="сервер начал получение сообщений" func="testingwork-kafka/internal/user.(*handler).Postmessage()" file="handler.go:37"
time="2024-07-24T17:32:30+03:00" level=info msg="получен контент: hello" func="testingwork-kafka/internal/user.(*handler).Postmessage()" file="handler.go:50"
time="2024-07-24T17:32:30+03:00" level=info msg="получен контент: hello" func="testingwork-kafka/internal/user.(*handler).Postmessage()" file="handler.go:50"
time="2024-07-24T17:32:30+03:00" level=info msg="получен контент: hello" func="testingwork-kafka/internal/user.(*handler).Postmessage()" file="handler.go:50"
time="2024-07-24T17:32:30+03:00" level=info msg="сервер закончил получать сообщения" func="testingwork-kafka/internal/user.(*handler).Postmessage()" file="handler.go:52"
time="2024-07-24T17:42:24+03:00" level=info msg="чтение конфига" func="testingwork-kafka/internal/config.GetConfig.func1()" file="config.go:39"
time="2024-07-24T17:42:24+03:00" level=info msg="Создание роутера" func="main.main()" file="main.go:23"
time="2024-07-24T17:42:24+03:00" level=info msg="возвращение структуры обработчика" func="testingwork-kafka/internal/user.NewHandler()" file="handler.go:18"
time="2024-07-24T17:42:24+03:00" level=info msg="Запуск обработчика" func="testingwork-kafka/internal/user.(*handler).Register()" file="handler.go:24"
time="2024-07-24T17:42:24+03:00" level=info msg="создание листинга tcp" func="main.start()" file="main.go:44"
time="2024-07-24T17:42:24+03:00" level=info msg="сервер запущен на 0.0.0.0:8080" func="main.start()" file="main.go:46"
time="2024-07-24T17:43:26+03:00" level=info msg="сервер начал получение сообщений" func="testingwork-kafka/internal/user.(*handler).Postmessage()" file="handler.go:37"
time="2024-07-24T19:04:46+03:00" level=info msg="чтение конфига" func="testingwork-kafka/internal/config.GetConfig.func1()" file="config.go:39"
time="2024-07-24T19:31:57+03:00" level=info msg="чтение конфига" func="testingwork-kafka/internal/config.GetConfig.func1()" file="config.go:39"
time="2024-07-24T19:46:10+03:00" level=info msg="чтение конфига" func="testingwork-kafka/internal/config.GetConfig.func1()" file="config.go:39"
time="2024-07-24T20:06:30+03:00" level=info msg="чтение конфига" func="testingwork-kafka/internal/config.GetConfig.func1()" file="config.go:39"
time="2024-07-24T20:09:05+03:00" level=info msg="чтение конфига" func="testingwork-kafka/internal/config.GetConfig.func1()" file="config.go:39"
time="2024-07-24T23:27:43+03:00" level=info msg="чтение конфига" func="testingwork-kafka/internal/config.GetConfig.func1()" file="config.go:39"
time="2024-07-24T23:28:37+03:00" level=info msg="чтение конфига" func="testingwork-kafka/internal/config.GetConfig.func1()" file="config.go:39"
time="2024-07-24T23:28:37+03:00" level=info msg="Создание роутера" func="main.main()" file="main.go:37"
time="2024-07-24T23:28:37+03:00" level=info msg="возвращение структуры обработчика" func="testingwork-kafka/internal/user.NewHandler()" file="handler.go:18"
time="2024-07-24T23:28:37+03:00" level=info msg="Запуск обработчика" func="testingwork-kafka/internal/user.(*handler).Register()" file="handler.go:24"
time="2024-07-24T23:28:37+03:00" level=info msg="создание листинга tcp" func="main.start()" file="main.go:58"
time="2024-07-24T23:28:37+03:00" level=info msg="сервер запущен на 0.0.0.0:8080" func="main.start()" file="main.go:60"
time="2024-07-24T23:29:22+03:00" level=info msg="чтение конфига" func="testingwork-kafka/internal/config.GetConfig.func1()" file="config.go:39"
time="2024-07-24T23:29:22+03:00" level=info msg="Создание роутера" func="main.main()" file="main.go:37"
time="2024-07-24T23:29:22+03:00" level=info msg="возвращение структуры обработчика" func="testingwork-kafka/internal/user.NewHandler()" file="handler.go:18"
time="2024-07-24T23:29:22+03:00" level=info msg="Запуск обработчика" func="testingwork-kafka/internal/user.(*handler).Register()" file="handler.go:24"
time="2024-07-24T23:29:22+03:00" level=info msg="создание листинга tcp" func="main.start()" file="main.go:58"
time="2024-07-24T23:29:22+03:00" level=info msg="сервер запущен на 0.0.0.0:8080" func="main.start()" file="main.go:60"
time="2024-07-24T23:39:42+03:00" level=info msg="чтение конфига" func="testingwork-kafka/internal/config.GetConfig.func1()" file="config.go:39"
time="2024-07-24T23:39:42+03:00" level=info msg="Создание роутера" func="main.main()" file="main.go:37"
time="2024-07-24T23:39:42+03:00" level=info msg="возвращение структуры обработчика" func="testingwork-kafka/internal/user.NewHandler()" file="handler.go:18"
time="2024-07-24T23:39:42+03:00" level=info msg="Запуск обработчика" func="testingwork-kafka/internal/user.(*handler).Register()" file="handler.go:24"
time="2024-07-24T23:39:42+03:00" level=info msg="создание листинга tcp" func="main.start()" file="main.go:58"
time="2024-07-24T23:39:42+03:00" level=info msg="сервер запущен на 0.0.0.0:8080" func="main.start()" file="main.go:60"
time="2024-07-25T14:14:24+03:00" level=info msg="чтение конфига" func="testingwork-kafka/internal/config.GetConfig.func1()" file="config.go:39"
time="2024-07-25T14:14:24+03:00" level=info msg="Создание роутера" func="main.main()" file="main.go:22"
time="2024-07-25T14:14:24+03:00" level=info msg="возвращение структуры обработчика" func="testingwork-kafka/internal/user.NewHandler()" file="handler.go:24"
time="2024-07-25T14:14:24+03:00" level=info msg="Запуск обработчика" func="testingwork-kafka/internal/user.(*handler).Register()" file="handler.go:30"
time="2024-07-25T14:14:24+03:00" level=info msg="создание листинга tcp" func="main.start()" file="main.go:43"
time="2024-07-25T14:14:24+03:00" level=info msg="сервер запущен на 0.0.0.0:8080" func="main.start()" file="main.go:45"
time="2024-07-25T14:16:01+03:00" level=info msg="сервер начал получение сообщений" func="testingwork-kafka/internal/user.(*handler).Postmessage()" file="handler.go:50"
time="2024-07-25T14:16:01+03:00" level=info msg="Успешно получено сообщение: test 1" func="testingwork-kafka/internal/user.(*handler).Postmessage()" file="handler.go:72"
time="2024-07-25T14:16:01+03:00" level=info msg="сервер закончил получать сообщения" func="testingwork-kafka/internal/user.(*handler).Postmessage()" file="handler.go:74"
time="2024-07-25T14:18:58+03:00" level=info msg="сервер начал получение сообщений" func="testingwork-kafka/internal/user.(*handler).Postmessage()" file="handler.go:50"
time="2024-07-25T14:18:58+03:00" level=info msg="Успешно получено сообщение: test2" func="testingwork-kafka/internal/user.(*handler).Postmessage()" file="handler.go:72"
time="2024-07-25T14:18:58+03:00" level=info msg="Успешно получено сообщение: test3" func="testingwork-kafka/internal/user.(*handler).Postmessage()" file="handler.go:72"
time="2024-07-25T14:18:58+03:00" level=info msg="Успешно получено сообщение: test4" func="testingwork-kafka/internal/user.(*handler).Postmessage()" file="handler.go:72"
time="2024-07-25T14:18:58+03:00" level=info msg="Успешно получено сообщение: test5" func="testingwork-kafka/internal/user.(*handler).Postmessage()" file="handler.go:72"
time="2024-07-25T14:18:58+03:00" level=info msg="сервер закончил получать сообщения" func="testingwork-kafka/internal/user.(*handler).Postmessage()" file="handler.go:74"
time="2024-07-25T14:36:49+03:00" level=info msg="чтение конфига" func="testingwork-kafka/internal/config.GetConfig.func1()" file="config.go:39"
time="2024-07-25T14:36:49+03:00" level=info msg="Создание роутера" func="main.main()" file="main.go:22"
time="2024-07-25T14:36:49+03:00" level=info msg="возвращение структуры обработчика" func="testingwork-kafka/internal/user.NewHandler()" file="handler.go:24"
time="2024-07-25T14:36:49+03:00" level=info msg="Запуск обработчика" func="testingwork-kafka/internal/user.(*handler).Register()" file="handler.go:30"
time="2024-07-25T14:36:49+03:00" level=info msg="создание листинга tcp" func="main.start()" file="main.go:43"
time="2024-07-25T14:36:49+03:00" level=info msg="сервер запущен на 0.0.0.0:8080" func="main.start()" file="main.go:45"
time="2024-07-25T14:37:40+03:00" level=info msg="чтение конфига" func="testingwork-kafka/internal/config.GetConfig.func1()" file="config.go:39"
time="2024-07-25T14:37:40+03:00" level=info msg="Создание роутера" func="main.main()" file="main.go:22"
time="2024-07-25T14:37:40+03:00" level=info msg="возвращение структуры обработчика" func="testingwork-kafka/internal/user.NewHandler()" file="handler.go:24"
time="2024-07-25T14:37:40+03:00" level=info msg="Запуск обработчика" func="testingwork-kafka/internal/user.(*handler).Register()" file="handler.go:30"
time="2024-07-25T14:37:40+03:00" level=info msg="создание листинга tcp" func="main.start()" file="main.go:43"
time="2024-07-25T14:37:40+03:00" level=info msg="сервер запущен на 0.0.0.0:8080" func="main.start()" file="main.go:45"
time="2024-07-25T14:38:18+03:00" level=info msg="сервер начал получение сообщений" func="testingwork-kafka/internal/user.(*handler).Postmessage()" file="handler.go:50"
time="2024-07-25T14:38:18+03:00" level=info msg="Успешно получено сообщение: drop table" func="testingwork-kafka/internal/user.(*handler).Postmessage()" file="handler.go:72"
time="2024-07-25T14:38:18+03:00" level=info msg="сервер закончил получать сообщения" func="testingwork-kafka/internal/user.(*handler).Postmessage()" file="handler.go:74"
time="2024-07-25T15:26:09+03:00" level=info msg="чтение конфига" func="testingwork-kafka/internal/config.GetConfig.func1()" file="config.go:39"
time="2024-07-25T15:26:09+03:00" level=info msg="Создание роутера" func="main.main()" file="main.go:22"
time="2024-07-25T15:26:09+03:00" level=info msg="возвращение структуры обработчика" func="testingwork-kafka/internal/user.NewHandler()" file="handler.go:24"
time="2024-07-25T15:26:09+03:00" level=info msg="Запуск обработчика" func="testingwork-kafka/internal/user.(*handler).Register()" file="handler.go:30"
time="2024-07-25T15:26:09+03:00" level=info msg="создание листинга tcp" func="main.start()" file="main.go:43"
time="2024-07-25T15:26:09+03:00" level=info msg="сервер запущен на 0.0.0.0:8080" func="main.start()" file="main.go:45"
time="2024-07-25T15:27:18+03:00" level=info msg="сервер начал получение сообщений" func="testingwork-kafka/internal/user.(*handler).Postmessage()" file="handler.go:50"
time="2024-07-25T15:27:18+03:00" level=info msg="Успешно получено сообщение: message" func="testingwork-kafka/internal/user.(*handler).Postmessage()" file="handler.go:70"
time="2024-07-25T15:27:18+03:00" level=info msg="сервер закончил получать сообщения" func="testingwork-kafka/internal/user.(*handler).Postmessage()" file="handler.go:72"
time="2024-07-25T16:09:24+03:00" level=info msg="чтение конфига" func="testingwork-kafka/internal/config.GetConfig.func1()" file="config.go:39"
time="2024-07-25T16:09:24+03:00" level=info msg="Создание роутера" func="main.main()" file="main.go:22"
time="2024-07-25T16:09:24+03:00" level=info msg="возвращение структуры обработчика" func="testingwork-kafka/internal/user.NewHandler()" file="handler.go:24"
time="2024-07-25T16:09:24+03:00" level=info msg="Запуск обработчика" func="testingwork-kafka/internal/user.(*handler).Register()" file="handler.go:30"
time="2024-07-25T16:09:24+03:00" level=info msg="создание листинга tcp" func="main.start()" file="main.go:43"
time="2024-07-25T16:09:24+03:00" level=info msg="сервер запущен на 0.0.0.0:8080" func="main.start()" file="main.go:45"
time="2024-07-25T16:09:59+03:00" level=info msg="сервер начал получение сообщений" func="testingwork-kafka/internal/user.(*handler).Postmessage()" file="handler.go:50"
time="2024-07-25T16:09:59+03:00" level=info msg="Успешно получено сообщение: mess" func="testingwork-kafka/internal/user.(*handler).Postmessage()" file="handler.go:70"
time="2024-07-25T16:09:59+03:00" level=info msg="сервер закончил получать сообщения" func="testingwork-kafka/internal/user.(*handler).Postmessage()" file="handler.go:72"
